<?xml version="1.0" encoding="UTF-8"?>
<testsuite xmlns:xsi="http://www.w3.org/2001/XMLSchema-instance" xsi:noNamespaceSchemaLocation="https://maven.apache.org/surefire/maven-surefire-plugin/xsd/surefire-test-report.xsd" name="com.shaohsiung.mallsearch.service.SearchServiceTest" time="9.096" tests="1" errors="0" skipped="0" failures="0">
  <properties>
    <property name="sun.desktop" value="windows"/>
    <property name="awt.toolkit" value="sun.awt.windows.WToolkit"/>
    <property name="file.encoding.pkg" value="sun.io"/>
    <property name="java.specification.version" value="1.8"/>
    <property name="sun.cpu.isalist" value="amd64"/>
    <property name="sun.jnu.encoding" value="GBK"/>
    <property name="java.class.path" value="D:\IDEA Workspace\mall-modules\mall-search\target\test-classes;D:\IDEA Workspace\mall-modules\mall-search\target\classes;G:\Maven Repository\org\springframework\boot\spring-boot-starter-data-elasticsearch\2.1.6.RELEASE\spring-boot-starter-data-elasticsearch-2.1.6.RELEASE.jar;G:\Maven Repository\org\springframework\boot\spring-boot-starter\2.1.8.RELEASE\spring-boot-starter-2.1.8.RELEASE.jar;G:\Maven Repository\org\springframework\boot\spring-boot\2.1.8.RELEASE\spring-boot-2.1.8.RELEASE.jar;G:\Maven Repository\org\springframework\boot\spring-boot-autoconfigure\2.1.8.RELEASE\spring-boot-autoconfigure-2.1.8.RELEASE.jar;G:\Maven Repository\org\springframework\boot\spring-boot-starter-logging\2.1.8.RELEASE\spring-boot-starter-logging-2.1.8.RELEASE.jar;G:\Maven Repository\ch\qos\logback\logback-classic\1.2.3\logback-classic-1.2.3.jar;G:\Maven Repository\ch\qos\logback\logback-core\1.2.3\logback-core-1.2.3.jar;G:\Maven Repository\org\apache\logging\log4j\log4j-to-slf4j\2.11.2\log4j-to-slf4j-2.11.2.jar;G:\Maven Repository\org\apache\logging\log4j\log4j-api\2.11.2\log4j-api-2.11.2.jar;G:\Maven Repository\org\slf4j\jul-to-slf4j\1.7.28\jul-to-slf4j-1.7.28.jar;G:\Maven Repository\javax\annotation\javax.annotation-api\1.3.2\javax.annotation-api-1.3.2.jar;G:\Maven Repository\org\yaml\snakeyaml\1.23\snakeyaml-1.23.jar;G:\Maven Repository\org\springframework\data\spring-data-elasticsearch\3.1.10.RELEASE\spring-data-elasticsearch-3.1.10.RELEASE.jar;G:\Maven Repository\org\springframework\spring-context\5.1.9.RELEASE\spring-context-5.1.9.RELEASE.jar;G:\Maven Repository\org\springframework\spring-aop\5.1.9.RELEASE\spring-aop-5.1.9.RELEASE.jar;G:\Maven Repository\org\springframework\spring-expression\5.1.9.RELEASE\spring-expression-5.1.9.RELEASE.jar;G:\Maven Repository\org\springframework\spring-tx\5.1.9.RELEASE\spring-tx-5.1.9.RELEASE.jar;G:\Maven Repository\org\springframework\data\spring-data-commons\2.1.10.RELEASE\spring-data-commons-2.1.10.RELEASE.jar;G:\Maven Repository\joda-time\joda-time\2.10.3\joda-time-2.10.3.jar;G:\Maven Repository\org\elasticsearch\client\transport\6.4.3\transport-6.4.3.jar;G:\Maven Repository\org\elasticsearch\elasticsearch\6.4.3\elasticsearch-6.4.3.jar;G:\Maven Repository\org\elasticsearch\elasticsearch-core\6.4.3\elasticsearch-core-6.4.3.jar;G:\Maven Repository\org\elasticsearch\elasticsearch-secure-sm\6.4.3\elasticsearch-secure-sm-6.4.3.jar;G:\Maven Repository\org\elasticsearch\elasticsearch-x-content\6.4.3\elasticsearch-x-content-6.4.3.jar;G:\Maven Repository\com\fasterxml\jackson\dataformat\jackson-dataformat-smile\2.9.9\jackson-dataformat-smile-2.9.9.jar;G:\Maven Repository\com\fasterxml\jackson\dataformat\jackson-dataformat-yaml\2.9.9\jackson-dataformat-yaml-2.9.9.jar;G:\Maven Repository\com\fasterxml\jackson\dataformat\jackson-dataformat-cbor\2.9.9\jackson-dataformat-cbor-2.9.9.jar;G:\Maven Repository\org\apache\lucene\lucene-core\7.4.0\lucene-core-7.4.0.jar;G:\Maven Repository\org\apache\lucene\lucene-analyzers-common\7.4.0\lucene-analyzers-common-7.4.0.jar;G:\Maven Repository\org\apache\lucene\lucene-backward-codecs\7.4.0\lucene-backward-codecs-7.4.0.jar;G:\Maven Repository\org\apache\lucene\lucene-grouping\7.4.0\lucene-grouping-7.4.0.jar;G:\Maven Repository\org\apache\lucene\lucene-highlighter\7.4.0\lucene-highlighter-7.4.0.jar;G:\Maven Repository\org\apache\lucene\lucene-join\7.4.0\lucene-join-7.4.0.jar;G:\Maven Repository\org\apache\lucene\lucene-memory\7.4.0\lucene-memory-7.4.0.jar;G:\Maven Repository\org\apache\lucene\lucene-misc\7.4.0\lucene-misc-7.4.0.jar;G:\Maven Repository\org\apache\lucene\lucene-queries\7.4.0\lucene-queries-7.4.0.jar;G:\Maven Repository\org\apache\lucene\lucene-queryparser\7.4.0\lucene-queryparser-7.4.0.jar;G:\Maven Repository\org\apache\lucene\lucene-sandbox\7.4.0\lucene-sandbox-7.4.0.jar;G:\Maven Repository\org\apache\lucene\lucene-spatial\7.4.0\lucene-spatial-7.4.0.jar;G:\Maven Repository\org\apache\lucene\lucene-spatial-extras\7.4.0\lucene-spatial-extras-7.4.0.jar;G:\Maven Repository\org\apache\lucene\lucene-spatial3d\7.4.0\lucene-spatial3d-7.4.0.jar;G:\Maven Repository\org\apache\lucene\lucene-suggest\7.4.0\lucene-suggest-7.4.0.jar;G:\Maven Repository\org\elasticsearch\elasticsearch-cli\6.4.3\elasticsearch-cli-6.4.3.jar;G:\Maven Repository\net\sf\jopt-simple\jopt-simple\5.0.2\jopt-simple-5.0.2.jar;G:\Maven Repository\com\carrotsearch\hppc\0.7.1\hppc-0.7.1.jar;G:\Maven Repository\com\tdunning\t-digest\3.2\t-digest-3.2.jar;G:\Maven Repository\org\hdrhistogram\HdrHistogram\2.1.9\HdrHistogram-2.1.9.jar;G:\Maven Repository\org\elasticsearch\jna\4.5.1\jna-4.5.1.jar;G:\Maven Repository\org\elasticsearch\plugin\reindex-client\6.4.3\reindex-client-6.4.3.jar;G:\Maven Repository\org\elasticsearch\client\elasticsearch-rest-client\6.4.3\elasticsearch-rest-client-6.4.3.jar;G:\Maven Repository\org\apache\httpcomponents\httpclient\4.5.9\httpclient-4.5.9.jar;G:\Maven Repository\org\apache\httpcomponents\httpcore\4.4.12\httpcore-4.4.12.jar;G:\Maven Repository\org\apache\httpcomponents\httpasyncclient\4.1.4\httpasyncclient-4.1.4.jar;G:\Maven Repository\org\apache\httpcomponents\httpcore-nio\4.4.12\httpcore-nio-4.4.12.jar;G:\Maven Repository\commons-codec\commons-codec\1.11\commons-codec-1.11.jar;G:\Maven Repository\org\elasticsearch\plugin\lang-mustache-client\6.4.3\lang-mustache-client-6.4.3.jar;G:\Maven Repository\com\github\spullara\mustache\java\compiler\0.9.3\compiler-0.9.3.jar;G:\Maven Repository\org\elasticsearch\plugin\percolator-client\6.4.3\percolator-client-6.4.3.jar;G:\Maven Repository\org\elasticsearch\plugin\parent-join-client\6.4.3\parent-join-client-6.4.3.jar;G:\Maven Repository\org\elasticsearch\plugin\rank-eval-client\6.4.3\rank-eval-client-6.4.3.jar;G:\Maven Repository\org\elasticsearch\plugin\transport-netty4-client\6.4.3\transport-netty4-client-6.4.3.jar;G:\Maven Repository\io\netty\netty-buffer\4.1.39.Final\netty-buffer-4.1.39.Final.jar;G:\Maven Repository\io\netty\netty-codec\4.1.39.Final\netty-codec-4.1.39.Final.jar;G:\Maven Repository\io\netty\netty-codec-http\4.1.39.Final\netty-codec-http-4.1.39.Final.jar;G:\Maven Repository\io\netty\netty-common\4.1.39.Final\netty-common-4.1.39.Final.jar;G:\Maven Repository\io\netty\netty-handler\4.1.39.Final\netty-handler-4.1.39.Final.jar;G:\Maven Repository\io\netty\netty-resolver\4.1.39.Final\netty-resolver-4.1.39.Final.jar;G:\Maven Repository\io\netty\netty-transport\4.1.39.Final\netty-transport-4.1.39.Final.jar;G:\Maven Repository\org\slf4j\slf4j-api\1.7.28\slf4j-api-1.7.28.jar;G:\Maven Repository\com\fasterxml\jackson\dataformat\jackson-dataformat-xml\2.9.0\jackson-dataformat-xml-2.9.0.jar;G:\Maven Repository\com\fasterxml\jackson\core\jackson-core\2.9.9\jackson-core-2.9.9.jar;G:\Maven Repository\com\fasterxml\jackson\core\jackson-annotations\2.9.0\jackson-annotations-2.9.0.jar;G:\Maven Repository\com\fasterxml\jackson\core\jackson-databind\2.9.9.3\jackson-databind-2.9.9.3.jar;G:\Maven Repository\com\fasterxml\jackson\module\jackson-module-jaxb-annotations\2.9.9\jackson-module-jaxb-annotations-2.9.9.jar;G:\Maven Repository\org\codehaus\woodstox\stax2-api\3.1.4\stax2-api-3.1.4.jar;G:\Maven Repository\com\fasterxml\woodstox\woodstox-core\5.0.3\woodstox-core-5.0.3.jar;G:\Maven Repository\org\apache\commons\commons-lang3\3.8.1\commons-lang3-3.8.1.jar;D:\IDEA Workspace\mall-modules\mall-common\target\mall-common-0.0.1-SNAPSHOT.jar;G:\Maven Repository\org\joda\joda-money\1.0.1\joda-money-1.0.1.jar;G:\Maven Repository\org\springframework\boot\spring-boot-starter-amqp\2.1.3.RELEASE\spring-boot-starter-amqp-2.1.3.RELEASE.jar;G:\Maven Repository\org\springframework\spring-messaging\5.1.9.RELEASE\spring-messaging-5.1.9.RELEASE.jar;G:\Maven Repository\org\springframework\spring-beans\5.1.9.RELEASE\spring-beans-5.1.9.RELEASE.jar;G:\Maven Repository\org\springframework\amqp\spring-rabbit\2.1.8.RELEASE\spring-rabbit-2.1.8.RELEASE.jar;G:\Maven Repository\org\springframework\amqp\spring-amqp\2.1.8.RELEASE\spring-amqp-2.1.8.RELEASE.jar;G:\Maven Repository\org\springframework\retry\spring-retry\1.2.4.RELEASE\spring-retry-1.2.4.RELEASE.jar;G:\Maven Repository\com\rabbitmq\amqp-client\5.4.3\amqp-client-5.4.3.jar;G:\Maven Repository\org\projectlombok\lombok\1.18.8\lombok-1.18.8.jar;G:\Maven Repository\org\springframework\boot\spring-boot-starter-test\2.1.3.RELEASE\spring-boot-starter-test-2.1.3.RELEASE.jar;G:\Maven Repository\org\springframework\boot\spring-boot-test\2.1.8.RELEASE\spring-boot-test-2.1.8.RELEASE.jar;G:\Maven Repository\org\springframework\boot\spring-boot-test-autoconfigure\2.1.8.RELEASE\spring-boot-test-autoconfigure-2.1.8.RELEASE.jar;G:\Maven Repository\com\jayway\jsonpath\json-path\2.4.0\json-path-2.4.0.jar;G:\Maven Repository\net\minidev\json-smart\2.3\json-smart-2.3.jar;G:\Maven Repository\net\minidev\accessors-smart\1.2\accessors-smart-1.2.jar;G:\Maven Repository\org\ow2\asm\asm\5.0.4\asm-5.0.4.jar;G:\Maven Repository\junit\junit\4.12\junit-4.12.jar;G:\Maven Repository\org\assertj\assertj-core\3.11.1\assertj-core-3.11.1.jar;G:\Maven Repository\org\mockito\mockito-core\2.23.4\mockito-core-2.23.4.jar;G:\Maven Repository\net\bytebuddy\byte-buddy\1.9.16\byte-buddy-1.9.16.jar;G:\Maven Repository\net\bytebuddy\byte-buddy-agent\1.9.16\byte-buddy-agent-1.9.16.jar;G:\Maven Repository\org\objenesis\objenesis\2.6\objenesis-2.6.jar;G:\Maven Repository\org\hamcrest\hamcrest-core\1.3\hamcrest-core-1.3.jar;G:\Maven Repository\org\hamcrest\hamcrest-library\1.3\hamcrest-library-1.3.jar;G:\Maven Repository\org\skyscreamer\jsonassert\1.5.0\jsonassert-1.5.0.jar;G:\Maven Repository\com\vaadin\external\google\android-json\0.0.20131108.vaadin1\android-json-0.0.20131108.vaadin1.jar;G:\Maven Repository\org\springframework\spring-core\5.1.9.RELEASE\spring-core-5.1.9.RELEASE.jar;G:\Maven Repository\org\springframework\spring-jcl\5.1.9.RELEASE\spring-jcl-5.1.9.RELEASE.jar;G:\Maven Repository\org\springframework\spring-test\5.1.9.RELEASE\spring-test-5.1.9.RELEASE.jar;G:\Maven Repository\org\xmlunit\xmlunit-core\2.6.3\xmlunit-core-2.6.3.jar;"/>
    <property name="java.vm.vendor" value="Oracle Corporation"/>
    <property name="sun.arch.data.model" value="64"/>
    <property name="user.variant" value=""/>
    <property name="java.vendor.url" value="http://java.oracle.com/"/>
    <property name="user.timezone" value="Asia/Shanghai"/>
    <property name="java.vm.specification.version" value="1.8"/>
    <property name="os.name" value="Windows 10"/>
    <property name="user.country" value="CN"/>
    <property name="sun.java.launcher" value="SUN_STANDARD"/>
    <property name="sun.boot.library.path" value="G:\Java\jdk1.8.0_221\jre\bin"/>
    <property name="sun.java.command" value="C:\Users\SHAOHS~1\AppData\Local\Temp\surefire7021284401968384228\surefirebooter7001546255733180640.jar C:\Users\shaohsiung\AppData\Local\Temp\surefire7021284401968384228 2019-09-10T13-58-58_196-jvmRun1 surefire8196795068624771954tmp surefire_1122892040290918915tmp"/>
    <property name="surefire.test.class.path" value="D:\IDEA Workspace\mall-modules\mall-search\target\test-classes;D:\IDEA Workspace\mall-modules\mall-search\target\classes;G:\Maven Repository\org\springframework\boot\spring-boot-starter-data-elasticsearch\2.1.6.RELEASE\spring-boot-starter-data-elasticsearch-2.1.6.RELEASE.jar;G:\Maven Repository\org\springframework\boot\spring-boot-starter\2.1.8.RELEASE\spring-boot-starter-2.1.8.RELEASE.jar;G:\Maven Repository\org\springframework\boot\spring-boot\2.1.8.RELEASE\spring-boot-2.1.8.RELEASE.jar;G:\Maven Repository\org\springframework\boot\spring-boot-autoconfigure\2.1.8.RELEASE\spring-boot-autoconfigure-2.1.8.RELEASE.jar;G:\Maven Repository\org\springframework\boot\spring-boot-starter-logging\2.1.8.RELEASE\spring-boot-starter-logging-2.1.8.RELEASE.jar;G:\Maven Repository\ch\qos\logback\logback-classic\1.2.3\logback-classic-1.2.3.jar;G:\Maven Repository\ch\qos\logback\logback-core\1.2.3\logback-core-1.2.3.jar;G:\Maven Repository\org\apache\logging\log4j\log4j-to-slf4j\2.11.2\log4j-to-slf4j-2.11.2.jar;G:\Maven Repository\org\apache\logging\log4j\log4j-api\2.11.2\log4j-api-2.11.2.jar;G:\Maven Repository\org\slf4j\jul-to-slf4j\1.7.28\jul-to-slf4j-1.7.28.jar;G:\Maven Repository\javax\annotation\javax.annotation-api\1.3.2\javax.annotation-api-1.3.2.jar;G:\Maven Repository\org\yaml\snakeyaml\1.23\snakeyaml-1.23.jar;G:\Maven Repository\org\springframework\data\spring-data-elasticsearch\3.1.10.RELEASE\spring-data-elasticsearch-3.1.10.RELEASE.jar;G:\Maven Repository\org\springframework\spring-context\5.1.9.RELEASE\spring-context-5.1.9.RELEASE.jar;G:\Maven Repository\org\springframework\spring-aop\5.1.9.RELEASE\spring-aop-5.1.9.RELEASE.jar;G:\Maven Repository\org\springframework\spring-expression\5.1.9.RELEASE\spring-expression-5.1.9.RELEASE.jar;G:\Maven Repository\org\springframework\spring-tx\5.1.9.RELEASE\spring-tx-5.1.9.RELEASE.jar;G:\Maven Repository\org\springframework\data\spring-data-commons\2.1.10.RELEASE\spring-data-commons-2.1.10.RELEASE.jar;G:\Maven Repository\joda-time\joda-time\2.10.3\joda-time-2.10.3.jar;G:\Maven Repository\org\elasticsearch\client\transport\6.4.3\transport-6.4.3.jar;G:\Maven Repository\org\elasticsearch\elasticsearch\6.4.3\elasticsearch-6.4.3.jar;G:\Maven Repository\org\elasticsearch\elasticsearch-core\6.4.3\elasticsearch-core-6.4.3.jar;G:\Maven Repository\org\elasticsearch\elasticsearch-secure-sm\6.4.3\elasticsearch-secure-sm-6.4.3.jar;G:\Maven Repository\org\elasticsearch\elasticsearch-x-content\6.4.3\elasticsearch-x-content-6.4.3.jar;G:\Maven Repository\com\fasterxml\jackson\dataformat\jackson-dataformat-smile\2.9.9\jackson-dataformat-smile-2.9.9.jar;G:\Maven Repository\com\fasterxml\jackson\dataformat\jackson-dataformat-yaml\2.9.9\jackson-dataformat-yaml-2.9.9.jar;G:\Maven Repository\com\fasterxml\jackson\dataformat\jackson-dataformat-cbor\2.9.9\jackson-dataformat-cbor-2.9.9.jar;G:\Maven Repository\org\apache\lucene\lucene-core\7.4.0\lucene-core-7.4.0.jar;G:\Maven Repository\org\apache\lucene\lucene-analyzers-common\7.4.0\lucene-analyzers-common-7.4.0.jar;G:\Maven Repository\org\apache\lucene\lucene-backward-codecs\7.4.0\lucene-backward-codecs-7.4.0.jar;G:\Maven Repository\org\apache\lucene\lucene-grouping\7.4.0\lucene-grouping-7.4.0.jar;G:\Maven Repository\org\apache\lucene\lucene-highlighter\7.4.0\lucene-highlighter-7.4.0.jar;G:\Maven Repository\org\apache\lucene\lucene-join\7.4.0\lucene-join-7.4.0.jar;G:\Maven Repository\org\apache\lucene\lucene-memory\7.4.0\lucene-memory-7.4.0.jar;G:\Maven Repository\org\apache\lucene\lucene-misc\7.4.0\lucene-misc-7.4.0.jar;G:\Maven Repository\org\apache\lucene\lucene-queries\7.4.0\lucene-queries-7.4.0.jar;G:\Maven Repository\org\apache\lucene\lucene-queryparser\7.4.0\lucene-queryparser-7.4.0.jar;G:\Maven Repository\org\apache\lucene\lucene-sandbox\7.4.0\lucene-sandbox-7.4.0.jar;G:\Maven Repository\org\apache\lucene\lucene-spatial\7.4.0\lucene-spatial-7.4.0.jar;G:\Maven Repository\org\apache\lucene\lucene-spatial-extras\7.4.0\lucene-spatial-extras-7.4.0.jar;G:\Maven Repository\org\apache\lucene\lucene-spatial3d\7.4.0\lucene-spatial3d-7.4.0.jar;G:\Maven Repository\org\apache\lucene\lucene-suggest\7.4.0\lucene-suggest-7.4.0.jar;G:\Maven Repository\org\elasticsearch\elasticsearch-cli\6.4.3\elasticsearch-cli-6.4.3.jar;G:\Maven Repository\net\sf\jopt-simple\jopt-simple\5.0.2\jopt-simple-5.0.2.jar;G:\Maven Repository\com\carrotsearch\hppc\0.7.1\hppc-0.7.1.jar;G:\Maven Repository\com\tdunning\t-digest\3.2\t-digest-3.2.jar;G:\Maven Repository\org\hdrhistogram\HdrHistogram\2.1.9\HdrHistogram-2.1.9.jar;G:\Maven Repository\org\elasticsearch\jna\4.5.1\jna-4.5.1.jar;G:\Maven Repository\org\elasticsearch\plugin\reindex-client\6.4.3\reindex-client-6.4.3.jar;G:\Maven Repository\org\elasticsearch\client\elasticsearch-rest-client\6.4.3\elasticsearch-rest-client-6.4.3.jar;G:\Maven Repository\org\apache\httpcomponents\httpclient\4.5.9\httpclient-4.5.9.jar;G:\Maven Repository\org\apache\httpcomponents\httpcore\4.4.12\httpcore-4.4.12.jar;G:\Maven Repository\org\apache\httpcomponents\httpasyncclient\4.1.4\httpasyncclient-4.1.4.jar;G:\Maven Repository\org\apache\httpcomponents\httpcore-nio\4.4.12\httpcore-nio-4.4.12.jar;G:\Maven Repository\commons-codec\commons-codec\1.11\commons-codec-1.11.jar;G:\Maven Repository\org\elasticsearch\plugin\lang-mustache-client\6.4.3\lang-mustache-client-6.4.3.jar;G:\Maven Repository\com\github\spullara\mustache\java\compiler\0.9.3\compiler-0.9.3.jar;G:\Maven Repository\org\elasticsearch\plugin\percolator-client\6.4.3\percolator-client-6.4.3.jar;G:\Maven Repository\org\elasticsearch\plugin\parent-join-client\6.4.3\parent-join-client-6.4.3.jar;G:\Maven Repository\org\elasticsearch\plugin\rank-eval-client\6.4.3\rank-eval-client-6.4.3.jar;G:\Maven Repository\org\elasticsearch\plugin\transport-netty4-client\6.4.3\transport-netty4-client-6.4.3.jar;G:\Maven Repository\io\netty\netty-buffer\4.1.39.Final\netty-buffer-4.1.39.Final.jar;G:\Maven Repository\io\netty\netty-codec\4.1.39.Final\netty-codec-4.1.39.Final.jar;G:\Maven Repository\io\netty\netty-codec-http\4.1.39.Final\netty-codec-http-4.1.39.Final.jar;G:\Maven Repository\io\netty\netty-common\4.1.39.Final\netty-common-4.1.39.Final.jar;G:\Maven Repository\io\netty\netty-handler\4.1.39.Final\netty-handler-4.1.39.Final.jar;G:\Maven Repository\io\netty\netty-resolver\4.1.39.Final\netty-resolver-4.1.39.Final.jar;G:\Maven Repository\io\netty\netty-transport\4.1.39.Final\netty-transport-4.1.39.Final.jar;G:\Maven Repository\org\slf4j\slf4j-api\1.7.28\slf4j-api-1.7.28.jar;G:\Maven Repository\com\fasterxml\jackson\dataformat\jackson-dataformat-xml\2.9.0\jackson-dataformat-xml-2.9.0.jar;G:\Maven Repository\com\fasterxml\jackson\core\jackson-core\2.9.9\jackson-core-2.9.9.jar;G:\Maven Repository\com\fasterxml\jackson\core\jackson-annotations\2.9.0\jackson-annotations-2.9.0.jar;G:\Maven Repository\com\fasterxml\jackson\core\jackson-databind\2.9.9.3\jackson-databind-2.9.9.3.jar;G:\Maven Repository\com\fasterxml\jackson\module\jackson-module-jaxb-annotations\2.9.9\jackson-module-jaxb-annotations-2.9.9.jar;G:\Maven Repository\org\codehaus\woodstox\stax2-api\3.1.4\stax2-api-3.1.4.jar;G:\Maven Repository\com\fasterxml\woodstox\woodstox-core\5.0.3\woodstox-core-5.0.3.jar;G:\Maven Repository\org\apache\commons\commons-lang3\3.8.1\commons-lang3-3.8.1.jar;D:\IDEA Workspace\mall-modules\mall-common\target\mall-common-0.0.1-SNAPSHOT.jar;G:\Maven Repository\org\joda\joda-money\1.0.1\joda-money-1.0.1.jar;G:\Maven Repository\org\springframework\boot\spring-boot-starter-amqp\2.1.3.RELEASE\spring-boot-starter-amqp-2.1.3.RELEASE.jar;G:\Maven Repository\org\springframework\spring-messaging\5.1.9.RELEASE\spring-messaging-5.1.9.RELEASE.jar;G:\Maven Repository\org\springframework\spring-beans\5.1.9.RELEASE\spring-beans-5.1.9.RELEASE.jar;G:\Maven Repository\org\springframework\amqp\spring-rabbit\2.1.8.RELEASE\spring-rabbit-2.1.8.RELEASE.jar;G:\Maven Repository\org\springframework\amqp\spring-amqp\2.1.8.RELEASE\spring-amqp-2.1.8.RELEASE.jar;G:\Maven Repository\org\springframework\retry\spring-retry\1.2.4.RELEASE\spring-retry-1.2.4.RELEASE.jar;G:\Maven Repository\com\rabbitmq\amqp-client\5.4.3\amqp-client-5.4.3.jar;G:\Maven Repository\org\projectlombok\lombok\1.18.8\lombok-1.18.8.jar;G:\Maven Repository\org\springframework\boot\spring-boot-starter-test\2.1.3.RELEASE\spring-boot-starter-test-2.1.3.RELEASE.jar;G:\Maven Repository\org\springframework\boot\spring-boot-test\2.1.8.RELEASE\spring-boot-test-2.1.8.RELEASE.jar;G:\Maven Repository\org\springframework\boot\spring-boot-test-autoconfigure\2.1.8.RELEASE\spring-boot-test-autoconfigure-2.1.8.RELEASE.jar;G:\Maven Repository\com\jayway\jsonpath\json-path\2.4.0\json-path-2.4.0.jar;G:\Maven Repository\net\minidev\json-smart\2.3\json-smart-2.3.jar;G:\Maven Repository\net\minidev\accessors-smart\1.2\accessors-smart-1.2.jar;G:\Maven Repository\org\ow2\asm\asm\5.0.4\asm-5.0.4.jar;G:\Maven Repository\junit\junit\4.12\junit-4.12.jar;G:\Maven Repository\org\assertj\assertj-core\3.11.1\assertj-core-3.11.1.jar;G:\Maven Repository\org\mockito\mockito-core\2.23.4\mockito-core-2.23.4.jar;G:\Maven Repository\net\bytebuddy\byte-buddy\1.9.16\byte-buddy-1.9.16.jar;G:\Maven Repository\net\bytebuddy\byte-buddy-agent\1.9.16\byte-buddy-agent-1.9.16.jar;G:\Maven Repository\org\objenesis\objenesis\2.6\objenesis-2.6.jar;G:\Maven Repository\org\hamcrest\hamcrest-core\1.3\hamcrest-core-1.3.jar;G:\Maven Repository\org\hamcrest\hamcrest-library\1.3\hamcrest-library-1.3.jar;G:\Maven Repository\org\skyscreamer\jsonassert\1.5.0\jsonassert-1.5.0.jar;G:\Maven Repository\com\vaadin\external\google\android-json\0.0.20131108.vaadin1\android-json-0.0.20131108.vaadin1.jar;G:\Maven Repository\org\springframework\spring-core\5.1.9.RELEASE\spring-core-5.1.9.RELEASE.jar;G:\Maven Repository\org\springframework\spring-jcl\5.1.9.RELEASE\spring-jcl-5.1.9.RELEASE.jar;G:\Maven Repository\org\springframework\spring-test\5.1.9.RELEASE\spring-test-5.1.9.RELEASE.jar;G:\Maven Repository\org\xmlunit\xmlunit-core\2.6.3\xmlunit-core-2.6.3.jar;"/>
    <property name="sun.cpu.endian" value="little"/>
    <property name="user.home" value="C:\Users\shaohsiung"/>
    <property name="user.language" value="zh"/>
    <property name="java.specification.vendor" value="Oracle Corporation"/>
    <property name="java.home" value="G:\Java\jdk1.8.0_221\jre"/>
    <property name="basedir" value="D:\IDEA Workspace\mall-modules\mall-search"/>
    <property name="file.separator" value="\"/>
    <property name="line.separator" value="&#10;"/>
    <property name="java.vm.specification.vendor" value="Oracle Corporation"/>
    <property name="java.specification.name" value="Java Platform API Specification"/>
    <property name="java.awt.graphicsenv" value="sun.awt.Win32GraphicsEnvironment"/>
    <property name="surefire.real.class.path" value="C:\Users\SHAOHS~1\AppData\Local\Temp\surefire7021284401968384228\surefirebooter7001546255733180640.jar"/>
    <property name="sun.boot.class.path" value="G:\Java\jdk1.8.0_221\jre\lib\resources.jar;G:\Java\jdk1.8.0_221\jre\lib\rt.jar;G:\Java\jdk1.8.0_221\jre\lib\sunrsasign.jar;G:\Java\jdk1.8.0_221\jre\lib\jsse.jar;G:\Java\jdk1.8.0_221\jre\lib\jce.jar;G:\Java\jdk1.8.0_221\jre\lib\charsets.jar;G:\Java\jdk1.8.0_221\jre\lib\jfr.jar;G:\Java\jdk1.8.0_221\jre\classes"/>
    <property name="user.script" value=""/>
    <property name="sun.management.compiler" value="HotSpot 64-Bit Tiered Compilers"/>
    <property name="java.runtime.version" value="1.8.0_221-b11"/>
    <property name="user.name" value="shaohsiung"/>
    <property name="path.separator" value=";"/>
    <property name="os.version" value="10.0"/>
    <property name="java.endorsed.dirs" value="G:\Java\jdk1.8.0_221\jre\lib\endorsed"/>
    <property name="java.runtime.name" value="Java(TM) SE Runtime Environment"/>
    <property name="file.encoding" value="GBK"/>
    <property name="java.vm.name" value="Java HotSpot(TM) 64-Bit Server VM"/>
    <property name="localRepository" value="G:\Maven Repository"/>
    <property name="java.vendor.url.bug" value="http://bugreport.sun.com/bugreport/"/>
    <property name="java.io.tmpdir" value="C:\Users\SHAOHS~1\AppData\Local\Temp\"/>
    <property name="java.version" value="1.8.0_221"/>
    <property name="user.dir" value="D:\IDEA Workspace\mall-modules\mall-search"/>
    <property name="os.arch" value="amd64"/>
    <property name="java.vm.specification.name" value="Java Virtual Machine Specification"/>
    <property name="java.awt.printerjob" value="sun.awt.windows.WPrinterJob"/>
    <property name="sun.os.patch.level" value=""/>
    <property name="java.library.path" value="G:\Java\jdk1.8.0_221\jre\bin;C:\WINDOWS\Sun\Java\bin;C:\WINDOWS\system32;C:\WINDOWS;G:\MongoDB\Server\3.4\bin;G:\Java\jdk1.8.0_221\bin;G:\Maven-3.5.4\bin;G:\MySQL-8.0.16\bin;C:\WINDOWS\system32;C:\WINDOWS;C:\WINDOWS\System32\Wbem;C:\WINDOWS\System32\WindowsPowerShell\v1.0\;C:\WINDOWS\System32\OpenSSH\;G:\Nodejs\;G:\Git\cmd;%ERLANG_HOME%\bin;%RABBITMQ_SERVER%\sbin;C:\Users\shaohsiung\AppData\Local\Microsoft\WindowsApps;;E:\Microsoft VS Code\bin;C:\Users\shaohsiung\AppData\Roaming\npm;."/>
    <property name="java.vm.info" value="mixed mode"/>
    <property name="java.vendor" value="Oracle Corporation"/>
    <property name="java.vm.version" value="25.221-b11"/>
    <property name="java.ext.dirs" value="G:\Java\jdk1.8.0_221\jre\lib\ext;C:\WINDOWS\Sun\Java\lib\ext"/>
    <property name="sun.io.unicode.encoding" value="UnicodeLittle"/>
    <property name="java.class.version" value="52.0"/>
  </properties>
  <testcase name="search" classname="com.shaohsiung.mallsearch.service.SearchServiceTest" time="0.536"/>
</testsuite>