<?xml version="1.0" encoding="UTF-8"?>
<testsuite xmlns:xsi="http://www.w3.org/2001/XMLSchema-instance" xsi:noNamespaceSchemaLocation="https://maven.apache.org/surefire/maven-surefire-plugin/xsd/surefire-test-report.xsd" name="com.shaohsiung.mallgoods.service.CategoryServiceTest" time="6.486" tests="1" errors="0" skipped="0" failures="0">
  <properties>
    <property name="sun.desktop" value="windows"/>
    <property name="awt.toolkit" value="sun.awt.windows.WToolkit"/>
    <property name="file.encoding.pkg" value="sun.io"/>
    <property name="java.specification.version" value="1.8"/>
    <property name="sun.cpu.isalist" value="amd64"/>
    <property name="sun.jnu.encoding" value="GBK"/>
    <property name="java.class.path" value="D:\IDEA Workspace\mall-modules\mall-goods\target\test-classes;D:\IDEA Workspace\mall-modules\mall-goods\target\classes;D:\IDEA Workspace\mall-modules\mall-common\target\mall-common-0.0.1-SNAPSHOT.jar;G:\Maven Repository\com\fasterxml\jackson\dataformat\jackson-dataformat-xml\2.9.9\jackson-dataformat-xml-2.9.9.jar;G:\Maven Repository\com\fasterxml\jackson\core\jackson-core\2.9.9\jackson-core-2.9.9.jar;G:\Maven Repository\com\fasterxml\jackson\core\jackson-annotations\2.9.0\jackson-annotations-2.9.0.jar;G:\Maven Repository\com\fasterxml\jackson\core\jackson-databind\2.9.9.3\jackson-databind-2.9.9.3.jar;G:\Maven Repository\com\fasterxml\jackson\module\jackson-module-jaxb-annotations\2.9.9\jackson-module-jaxb-annotations-2.9.9.jar;G:\Maven Repository\org\codehaus\woodstox\stax2-api\3.1.4\stax2-api-3.1.4.jar;G:\Maven Repository\com\fasterxml\woodstox\woodstox-core\5.0.3\woodstox-core-5.0.3.jar;G:\Maven Repository\mysql\mysql-connector-java\8.0.15\mysql-connector-java-8.0.15.jar;G:\Maven Repository\com\google\protobuf\protobuf-java\3.6.1\protobuf-java-3.6.1.jar;G:\Maven Repository\org\mybatis\spring\boot\mybatis-spring-boot-starter\2.1.0\mybatis-spring-boot-starter-2.1.0.jar;G:\Maven Repository\org\springframework\boot\spring-boot-starter\2.1.8.RELEASE\spring-boot-starter-2.1.8.RELEASE.jar;G:\Maven Repository\org\springframework\boot\spring-boot\2.1.8.RELEASE\spring-boot-2.1.8.RELEASE.jar;G:\Maven Repository\org\springframework\boot\spring-boot-autoconfigure\2.1.8.RELEASE\spring-boot-autoconfigure-2.1.8.RELEASE.jar;G:\Maven Repository\org\springframework\boot\spring-boot-starter-logging\2.1.8.RELEASE\spring-boot-starter-logging-2.1.8.RELEASE.jar;G:\Maven Repository\ch\qos\logback\logback-classic\1.2.3\logback-classic-1.2.3.jar;G:\Maven Repository\ch\qos\logback\logback-core\1.2.3\logback-core-1.2.3.jar;G:\Maven Repository\org\apache\logging\log4j\log4j-to-slf4j\2.11.2\log4j-to-slf4j-2.11.2.jar;G:\Maven Repository\org\apache\logging\log4j\log4j-api\2.11.2\log4j-api-2.11.2.jar;G:\Maven Repository\org\slf4j\jul-to-slf4j\1.7.28\jul-to-slf4j-1.7.28.jar;G:\Maven Repository\javax\annotation\javax.annotation-api\1.3.2\javax.annotation-api-1.3.2.jar;G:\Maven Repository\org\yaml\snakeyaml\1.23\snakeyaml-1.23.jar;G:\Maven Repository\org\springframework\boot\spring-boot-starter-jdbc\2.1.8.RELEASE\spring-boot-starter-jdbc-2.1.8.RELEASE.jar;G:\Maven Repository\com\zaxxer\HikariCP\3.2.0\HikariCP-3.2.0.jar;G:\Maven Repository\org\springframework\spring-jdbc\5.1.9.RELEASE\spring-jdbc-5.1.9.RELEASE.jar;G:\Maven Repository\org\mybatis\spring\boot\mybatis-spring-boot-autoconfigure\2.1.0\mybatis-spring-boot-autoconfigure-2.1.0.jar;G:\Maven Repository\org\mybatis\mybatis\3.5.2\mybatis-3.5.2.jar;G:\Maven Repository\org\mybatis\mybatis-spring\2.0.2\mybatis-spring-2.0.2.jar;G:\Maven Repository\org\joda\joda-money\1.0.1\joda-money-1.0.1.jar;G:\Maven Repository\org\springframework\boot\spring-boot-starter-amqp\2.1.3.RELEASE\spring-boot-starter-amqp-2.1.3.RELEASE.jar;G:\Maven Repository\org\springframework\spring-messaging\5.1.9.RELEASE\spring-messaging-5.1.9.RELEASE.jar;G:\Maven Repository\org\springframework\spring-beans\5.1.9.RELEASE\spring-beans-5.1.9.RELEASE.jar;G:\Maven Repository\org\springframework\amqp\spring-rabbit\2.1.8.RELEASE\spring-rabbit-2.1.8.RELEASE.jar;G:\Maven Repository\org\springframework\amqp\spring-amqp\2.1.8.RELEASE\spring-amqp-2.1.8.RELEASE.jar;G:\Maven Repository\org\springframework\retry\spring-retry\1.2.4.RELEASE\spring-retry-1.2.4.RELEASE.jar;G:\Maven Repository\com\rabbitmq\amqp-client\5.4.3\amqp-client-5.4.3.jar;G:\Maven Repository\org\springframework\spring-context\5.1.9.RELEASE\spring-context-5.1.9.RELEASE.jar;G:\Maven Repository\org\springframework\spring-aop\5.1.9.RELEASE\spring-aop-5.1.9.RELEASE.jar;G:\Maven Repository\org\springframework\spring-expression\5.1.9.RELEASE\spring-expression-5.1.9.RELEASE.jar;G:\Maven Repository\org\springframework\spring-tx\5.1.9.RELEASE\spring-tx-5.1.9.RELEASE.jar;G:\Maven Repository\org\projectlombok\lombok\1.18.8\lombok-1.18.8.jar;G:\Maven Repository\org\springframework\boot\spring-boot-starter-test\2.1.3.RELEASE\spring-boot-starter-test-2.1.3.RELEASE.jar;G:\Maven Repository\org\springframework\boot\spring-boot-test\2.1.8.RELEASE\spring-boot-test-2.1.8.RELEASE.jar;G:\Maven Repository\org\springframework\boot\spring-boot-test-autoconfigure\2.1.8.RELEASE\spring-boot-test-autoconfigure-2.1.8.RELEASE.jar;G:\Maven Repository\com\jayway\jsonpath\json-path\2.4.0\json-path-2.4.0.jar;G:\Maven Repository\net\minidev\json-smart\2.3\json-smart-2.3.jar;G:\Maven Repository\net\minidev\accessors-smart\1.2\accessors-smart-1.2.jar;G:\Maven Repository\org\ow2\asm\asm\5.0.4\asm-5.0.4.jar;G:\Maven Repository\org\slf4j\slf4j-api\1.7.28\slf4j-api-1.7.28.jar;G:\Maven Repository\junit\junit\4.12\junit-4.12.jar;G:\Maven Repository\org\assertj\assertj-core\3.11.1\assertj-core-3.11.1.jar;G:\Maven Repository\org\mockito\mockito-core\2.23.4\mockito-core-2.23.4.jar;G:\Maven Repository\net\bytebuddy\byte-buddy\1.9.16\byte-buddy-1.9.16.jar;G:\Maven Repository\net\bytebuddy\byte-buddy-agent\1.9.16\byte-buddy-agent-1.9.16.jar;G:\Maven Repository\org\objenesis\objenesis\2.6\objenesis-2.6.jar;G:\Maven Repository\org\hamcrest\hamcrest-core\1.3\hamcrest-core-1.3.jar;G:\Maven Repository\org\hamcrest\hamcrest-library\1.3\hamcrest-library-1.3.jar;G:\Maven Repository\org\skyscreamer\jsonassert\1.5.0\jsonassert-1.5.0.jar;G:\Maven Repository\com\vaadin\external\google\android-json\0.0.20131108.vaadin1\android-json-0.0.20131108.vaadin1.jar;G:\Maven Repository\org\springframework\spring-core\5.1.9.RELEASE\spring-core-5.1.9.RELEASE.jar;G:\Maven Repository\org\springframework\spring-jcl\5.1.9.RELEASE\spring-jcl-5.1.9.RELEASE.jar;G:\Maven Repository\org\springframework\spring-test\5.1.9.RELEASE\spring-test-5.1.9.RELEASE.jar;G:\Maven Repository\org\xmlunit\xmlunit-core\2.6.3\xmlunit-core-2.6.3.jar;"/>
    <property name="java.vm.vendor" value="Oracle Corporation"/>
    <property name="sun.arch.data.model" value="64"/>
    <property name="user.variant" value=""/>
    <property name="java.vendor.url" value="http://java.oracle.com/"/>
    <property name="user.timezone" value="Asia/Shanghai"/>
    <property name="java.vm.specification.version" value="1.8"/>
    <property name="os.name" value="Windows 10"/>
    <property name="user.country" value="CN"/>
    <property name="sun.java.launcher" value="SUN_STANDARD"/>
    <property name="sun.boot.library.path" value="G:\Java\jdk1.8.0_221\jre\bin"/>
    <property name="sun.java.command" value="C:\Users\SHAOHS~1\AppData\Local\Temp\surefire7665096878226614906\surefirebooter3141258003156861707.jar C:\Users\shaohsiung\AppData\Local\Temp\surefire7665096878226614906 2019-09-10T13-58-58_196-jvmRun1 surefire6668102171518146042tmp surefire_02000739192500911906tmp"/>
    <property name="surefire.test.class.path" value="D:\IDEA Workspace\mall-modules\mall-goods\target\test-classes;D:\IDEA Workspace\mall-modules\mall-goods\target\classes;D:\IDEA Workspace\mall-modules\mall-common\target\mall-common-0.0.1-SNAPSHOT.jar;G:\Maven Repository\com\fasterxml\jackson\dataformat\jackson-dataformat-xml\2.9.9\jackson-dataformat-xml-2.9.9.jar;G:\Maven Repository\com\fasterxml\jackson\core\jackson-core\2.9.9\jackson-core-2.9.9.jar;G:\Maven Repository\com\fasterxml\jackson\core\jackson-annotations\2.9.0\jackson-annotations-2.9.0.jar;G:\Maven Repository\com\fasterxml\jackson\core\jackson-databind\2.9.9.3\jackson-databind-2.9.9.3.jar;G:\Maven Repository\com\fasterxml\jackson\module\jackson-module-jaxb-annotations\2.9.9\jackson-module-jaxb-annotations-2.9.9.jar;G:\Maven Repository\org\codehaus\woodstox\stax2-api\3.1.4\stax2-api-3.1.4.jar;G:\Maven Repository\com\fasterxml\woodstox\woodstox-core\5.0.3\woodstox-core-5.0.3.jar;G:\Maven Repository\mysql\mysql-connector-java\8.0.15\mysql-connector-java-8.0.15.jar;G:\Maven Repository\com\google\protobuf\protobuf-java\3.6.1\protobuf-java-3.6.1.jar;G:\Maven Repository\org\mybatis\spring\boot\mybatis-spring-boot-starter\2.1.0\mybatis-spring-boot-starter-2.1.0.jar;G:\Maven Repository\org\springframework\boot\spring-boot-starter\2.1.8.RELEASE\spring-boot-starter-2.1.8.RELEASE.jar;G:\Maven Repository\org\springframework\boot\spring-boot\2.1.8.RELEASE\spring-boot-2.1.8.RELEASE.jar;G:\Maven Repository\org\springframework\boot\spring-boot-autoconfigure\2.1.8.RELEASE\spring-boot-autoconfigure-2.1.8.RELEASE.jar;G:\Maven Repository\org\springframework\boot\spring-boot-starter-logging\2.1.8.RELEASE\spring-boot-starter-logging-2.1.8.RELEASE.jar;G:\Maven Repository\ch\qos\logback\logback-classic\1.2.3\logback-classic-1.2.3.jar;G:\Maven Repository\ch\qos\logback\logback-core\1.2.3\logback-core-1.2.3.jar;G:\Maven Repository\org\apache\logging\log4j\log4j-to-slf4j\2.11.2\log4j-to-slf4j-2.11.2.jar;G:\Maven Repository\org\apache\logging\log4j\log4j-api\2.11.2\log4j-api-2.11.2.jar;G:\Maven Repository\org\slf4j\jul-to-slf4j\1.7.28\jul-to-slf4j-1.7.28.jar;G:\Maven Repository\javax\annotation\javax.annotation-api\1.3.2\javax.annotation-api-1.3.2.jar;G:\Maven Repository\org\yaml\snakeyaml\1.23\snakeyaml-1.23.jar;G:\Maven Repository\org\springframework\boot\spring-boot-starter-jdbc\2.1.8.RELEASE\spring-boot-starter-jdbc-2.1.8.RELEASE.jar;G:\Maven Repository\com\zaxxer\HikariCP\3.2.0\HikariCP-3.2.0.jar;G:\Maven Repository\org\springframework\spring-jdbc\5.1.9.RELEASE\spring-jdbc-5.1.9.RELEASE.jar;G:\Maven Repository\org\mybatis\spring\boot\mybatis-spring-boot-autoconfigure\2.1.0\mybatis-spring-boot-autoconfigure-2.1.0.jar;G:\Maven Repository\org\mybatis\mybatis\3.5.2\mybatis-3.5.2.jar;G:\Maven Repository\org\mybatis\mybatis-spring\2.0.2\mybatis-spring-2.0.2.jar;G:\Maven Repository\org\joda\joda-money\1.0.1\joda-money-1.0.1.jar;G:\Maven Repository\org\springframework\boot\spring-boot-starter-amqp\2.1.3.RELEASE\spring-boot-starter-amqp-2.1.3.RELEASE.jar;G:\Maven Repository\org\springframework\spring-messaging\5.1.9.RELEASE\spring-messaging-5.1.9.RELEASE.jar;G:\Maven Repository\org\springframework\spring-beans\5.1.9.RELEASE\spring-beans-5.1.9.RELEASE.jar;G:\Maven Repository\org\springframework\amqp\spring-rabbit\2.1.8.RELEASE\spring-rabbit-2.1.8.RELEASE.jar;G:\Maven Repository\org\springframework\amqp\spring-amqp\2.1.8.RELEASE\spring-amqp-2.1.8.RELEASE.jar;G:\Maven Repository\org\springframework\retry\spring-retry\1.2.4.RELEASE\spring-retry-1.2.4.RELEASE.jar;G:\Maven Repository\com\rabbitmq\amqp-client\5.4.3\amqp-client-5.4.3.jar;G:\Maven Repository\org\springframework\spring-context\5.1.9.RELEASE\spring-context-5.1.9.RELEASE.jar;G:\Maven Repository\org\springframework\spring-aop\5.1.9.RELEASE\spring-aop-5.1.9.RELEASE.jar;G:\Maven Repository\org\springframework\spring-expression\5.1.9.RELEASE\spring-expression-5.1.9.RELEASE.jar;G:\Maven Repository\org\springframework\spring-tx\5.1.9.RELEASE\spring-tx-5.1.9.RELEASE.jar;G:\Maven Repository\org\projectlombok\lombok\1.18.8\lombok-1.18.8.jar;G:\Maven Repository\org\springframework\boot\spring-boot-starter-test\2.1.3.RELEASE\spring-boot-starter-test-2.1.3.RELEASE.jar;G:\Maven Repository\org\springframework\boot\spring-boot-test\2.1.8.RELEASE\spring-boot-test-2.1.8.RELEASE.jar;G:\Maven Repository\org\springframework\boot\spring-boot-test-autoconfigure\2.1.8.RELEASE\spring-boot-test-autoconfigure-2.1.8.RELEASE.jar;G:\Maven Repository\com\jayway\jsonpath\json-path\2.4.0\json-path-2.4.0.jar;G:\Maven Repository\net\minidev\json-smart\2.3\json-smart-2.3.jar;G:\Maven Repository\net\minidev\accessors-smart\1.2\accessors-smart-1.2.jar;G:\Maven Repository\org\ow2\asm\asm\5.0.4\asm-5.0.4.jar;G:\Maven Repository\org\slf4j\slf4j-api\1.7.28\slf4j-api-1.7.28.jar;G:\Maven Repository\junit\junit\4.12\junit-4.12.jar;G:\Maven Repository\org\assertj\assertj-core\3.11.1\assertj-core-3.11.1.jar;G:\Maven Repository\org\mockito\mockito-core\2.23.4\mockito-core-2.23.4.jar;G:\Maven Repository\net\bytebuddy\byte-buddy\1.9.16\byte-buddy-1.9.16.jar;G:\Maven Repository\net\bytebuddy\byte-buddy-agent\1.9.16\byte-buddy-agent-1.9.16.jar;G:\Maven Repository\org\objenesis\objenesis\2.6\objenesis-2.6.jar;G:\Maven Repository\org\hamcrest\hamcrest-core\1.3\hamcrest-core-1.3.jar;G:\Maven Repository\org\hamcrest\hamcrest-library\1.3\hamcrest-library-1.3.jar;G:\Maven Repository\org\skyscreamer\jsonassert\1.5.0\jsonassert-1.5.0.jar;G:\Maven Repository\com\vaadin\external\google\android-json\0.0.20131108.vaadin1\android-json-0.0.20131108.vaadin1.jar;G:\Maven Repository\org\springframework\spring-core\5.1.9.RELEASE\spring-core-5.1.9.RELEASE.jar;G:\Maven Repository\org\springframework\spring-jcl\5.1.9.RELEASE\spring-jcl-5.1.9.RELEASE.jar;G:\Maven Repository\org\springframework\spring-test\5.1.9.RELEASE\spring-test-5.1.9.RELEASE.jar;G:\Maven Repository\org\xmlunit\xmlunit-core\2.6.3\xmlunit-core-2.6.3.jar;"/>
    <property name="sun.cpu.endian" value="little"/>
    <property name="user.home" value="C:\Users\shaohsiung"/>
    <property name="user.language" value="zh"/>
    <property name="java.specification.vendor" value="Oracle Corporation"/>
    <property name="java.home" value="G:\Java\jdk1.8.0_221\jre"/>
    <property name="basedir" value="D:\IDEA Workspace\mall-modules\mall-goods"/>
    <property name="file.separator" value="\"/>
    <property name="line.separator" value="&#10;"/>
    <property name="java.vm.specification.vendor" value="Oracle Corporation"/>
    <property name="java.specification.name" value="Java Platform API Specification"/>
    <property name="java.awt.graphicsenv" value="sun.awt.Win32GraphicsEnvironment"/>
    <property name="surefire.real.class.path" value="C:\Users\SHAOHS~1\AppData\Local\Temp\surefire7665096878226614906\surefirebooter3141258003156861707.jar"/>
    <property name="sun.boot.class.path" value="G:\Java\jdk1.8.0_221\jre\lib\resources.jar;G:\Java\jdk1.8.0_221\jre\lib\rt.jar;G:\Java\jdk1.8.0_221\jre\lib\sunrsasign.jar;G:\Java\jdk1.8.0_221\jre\lib\jsse.jar;G:\Java\jdk1.8.0_221\jre\lib\jce.jar;G:\Java\jdk1.8.0_221\jre\lib\charsets.jar;G:\Java\jdk1.8.0_221\jre\lib\jfr.jar;G:\Java\jdk1.8.0_221\jre\classes"/>
    <property name="user.script" value=""/>
    <property name="sun.management.compiler" value="HotSpot 64-Bit Tiered Compilers"/>
    <property name="java.runtime.version" value="1.8.0_221-b11"/>
    <property name="user.name" value="shaohsiung"/>
    <property name="path.separator" value=";"/>
    <property name="os.version" value="10.0"/>
    <property name="java.endorsed.dirs" value="G:\Java\jdk1.8.0_221\jre\lib\endorsed"/>
    <property name="java.runtime.name" value="Java(TM) SE Runtime Environment"/>
    <property name="file.encoding" value="GBK"/>
    <property name="java.vm.name" value="Java HotSpot(TM) 64-Bit Server VM"/>
    <property name="localRepository" value="G:\Maven Repository"/>
    <property name="java.vendor.url.bug" value="http://bugreport.sun.com/bugreport/"/>
    <property name="java.io.tmpdir" value="C:\Users\SHAOHS~1\AppData\Local\Temp\"/>
    <property name="java.version" value="1.8.0_221"/>
    <property name="user.dir" value="D:\IDEA Workspace\mall-modules\mall-goods"/>
    <property name="os.arch" value="amd64"/>
    <property name="java.vm.specification.name" value="Java Virtual Machine Specification"/>
    <property name="java.awt.printerjob" value="sun.awt.windows.WPrinterJob"/>
    <property name="sun.os.patch.level" value=""/>
    <property name="java.library.path" value="G:\Java\jdk1.8.0_221\jre\bin;C:\WINDOWS\Sun\Java\bin;C:\WINDOWS\system32;C:\WINDOWS;G:\MongoDB\Server\3.4\bin;G:\Java\jdk1.8.0_221\bin;G:\Maven-3.5.4\bin;G:\MySQL-8.0.16\bin;C:\WINDOWS\system32;C:\WINDOWS;C:\WINDOWS\System32\Wbem;C:\WINDOWS\System32\WindowsPowerShell\v1.0\;C:\WINDOWS\System32\OpenSSH\;G:\Nodejs\;G:\Git\cmd;%ERLANG_HOME%\bin;%RABBITMQ_SERVER%\sbin;C:\Users\shaohsiung\AppData\Local\Microsoft\WindowsApps;;E:\Microsoft VS Code\bin;C:\Users\shaohsiung\AppData\Roaming\npm;."/>
    <property name="java.vm.info" value="mixed mode"/>
    <property name="java.vendor" value="Oracle Corporation"/>
    <property name="java.vm.version" value="25.221-b11"/>
    <property name="java.ext.dirs" value="G:\Java\jdk1.8.0_221\jre\lib\ext;C:\WINDOWS\Sun\Java\lib\ext"/>
    <property name="sun.io.unicode.encoding" value="UnicodeLittle"/>
    <property name="java.class.version" value="52.0"/>
  </properties>
  <testcase name="getCategoryList" classname="com.shaohsiung.mallgoods.service.CategoryServiceTest" time="0.829"/>
</testsuite>